#
# A fatal error has been detected by the Java Runtime Environment:
#
#  EXCEPTION_ACCESS_VIOLATION (0xc0000005) at pc=0x00007ffde6056ab7, pid=8824, tid=20792
#
# JRE version: OpenJDK Runtime Environment (16.0.1+9) (build 16.0.1+9-24)
# Java VM: OpenJDK 64-Bit Server VM (16.0.1+9-24, mixed mode, sharing, tiered, compressed oops, compressed class ptrs, g1 gc, windows-amd64)
# Problematic frame:
# C  [glass.dll+0x26ab7]
#
# No core dump will be written. Minidumps are not enabled by default on client versions of Windows
#
# If you would like to submit a bug report, please visit:
#   https://bugreport.java.com/bugreport/crash.jsp
#

---------------  S U M M A R Y ------------

Command Line: -agentlib:jdwp=transport=dt_socket,address=127.0.0.1:60105,suspend=y,server=n -javaagent:C:\Users\DuXa\AppData\Local\JetBrains\IntelliJIdea2022.3\captureAgent\debugger-agent.jar -Dfile.encoding=UTF-8 --module-path=C:\Users\DuXa\.m2\repository\org\openjfx\javafx-fxml\17.0.2\javafx-fxml-17.0.2-win.jar;C:\Users\DuXa\.m2\repository\org\openjfx\javafx-base\17.0.2\javafx-base-17.0.2-win.jar;C:\Users\DuXa\.m2\repository\org\controlsfx\controlsfx\11.1.1\controlsfx-11.1.1.jar;C:\Users\DuXa\.m2\repository\org\openjfx\javafx-graphics\17.0.2\javafx-graphics-17.0.2-win.jar;C:\Users\DuXa\.m2\repository\org\kordamp\bootstrapfx\bootstrapfx-core\0.4.0\bootstrapfx-core-0.4.0.jar;C:\Users\DuXa\Desktop\stair\target\classes;C:\Users\DuXa\.m2\repository\org\openjfx\javafx-controls\17.0.2\javafx-controls-17.0.2-win.jar -Djdk.module.main=com.example.stair com.example.stair/com.example.stair.StairApp

Host: Intel(R) Core(TM) i5-8400 CPU @ 2.80GHz, 6 cores, 15G,  Windows 10 , 64 bit Build 19041 (10.0.19041.2364)
Time: Sun Jan 15 20:17:51 2023 RTZ 4 (s 10 , 64 bit Build 19041 (10.0.19041.2364) elapsed time: 380.314409 seconds (0d 0h 6m 20s)

---------------  T H R E A D  ---------------

Current thread (0x0000016f62c33850):  VMThread "VM Thread" [stack: 0x0000003879900000,0x0000003879a00000] [id=20792]

Stack: [0x0000003879900000,0x0000003879a00000],  sp=0x00000038799ff100,  free space=1020k
Native frames: (J=compiled Java code, j=interpreted, Vv=VM code, C=native code)
C  [glass.dll+0x26ab7]


siginfo: EXCEPTION_ACCESS_VIOLATION (0xc0000005), reading address 0x0000000000000000


Register to memory mapping:

RIP=0x00007ffde6056ab7 glass.dll
RAX=0x0 is NULL
RBX=0x0000016f6dcaba10 is a global jni handle
RCX=0x0000016f62c33850 points into unknown readable memory: 0x00007ffda9f8f638 | 38 f6 f8 a9 fd 7f 00 00
RDX=0x00000038799ff100 points into unknown readable memory: 0x0000000000000000 | 00 00 00 00 00 00 00 00
RSP=0x00000038799ff100 points into unknown readable memory: 0x0000000000000000 | 00 00 00 00 00 00 00 00
RBP=0x0000016f646762f8 points into unknown readable memory: 0x0000e7ba68ca5e7c | 7c 5e ca 68 ba e7 00 00
RSI=0x0000016f646762d0 points into unknown readable memory: 0xc000e045b6aa0d95 | 95 0d aa b6 45 e0 00 c0
RDI=0x0000e7ba68ca5e7c is an unknown value
R8 =0x0000000000010002 is an unknown value
R9 =0x0000e7ba68ca5e7c is an unknown value
R10=0x0000000000008000 is an unknown value
R11=0x00000038799ff090 points into unknown readable memory: 0x0000016f646762d0 | d0 62 67 64 6f 01 00 00
R12=0x00007ffde6054384 glass.dll
R13=0x0000016f40469840 points into unknown readable memory: 0x8000000900000001 | 01 00 00 00 09 00 00 80
R14=0x00000038799ff1f8 points into unknown readable memory: 0x00000038799ff1e0 | e0 f1 9f 79 38 00 00 00
R15=0x0000016f646762d0 points into unknown readable memory: 0xc000e045b6aa0d95 | 95 0d aa b6 45 e0 00 c0


Registers:
RAX=0x0000000000000000, RBX=0x0000016f6dcaba10, RCX=0x0000016f62c33850, RDX=0x00000038799ff100
RSP=0x00000038799ff100, RBP=0x0000016f646762f8, RSI=0x0000016f646762d0, RDI=0x0000e7ba68ca5e7c
R8 =0x0000000000010002, R9 =0x0000e7ba68ca5e7c, R10=0x0000000000008000, R11=0x00000038799ff090
R12=0x00007ffde6054384, R13=0x0000016f40469840, R14=0x00000038799ff1f8, R15=0x0000016f646762d0
RIP=0x00007ffde6056ab7, EFLAGS=0x0000000000010202

Top of Stack: (sp=0x00000038799ff100)
0x00000038799ff100:   0000000000000000 0000016f646762d0
0x00000038799ff110:   0000016f40469840 00007ffde6054384
0x00000038799ff120:   0000016f646762d8 00007ffe3e0d42d6
0x00000038799ff130:   0000e7ba68ca5e7c 0000016f00000000
0x00000038799ff140:   0000016f646762f8 0000016f646762d0
0x00000038799ff150:   fffffffffffffffe 0000000000000000
0x00000038799ff160:   0000000000000001 00007ffde6030000
0x00000038799ff170:   00000038799ff1e8 00007ffe3e0d41fb
0x00000038799ff180:   0000000000000000 00000038799ff1f8
0x00000038799ff190:   00000038799ff4c0 00007ffe3e1b0e40
0x00000038799ff1a0:   0000000000000001 00007ffe3e0d41b4
0x00000038799ff1b0:   0000000000000000 0000000000000001
0x00000038799ff1c0:   0000000000000000 00000038799ff1e8
0x00000038799ff1d0:   ffffffff00000001 00007ffde6054211
0x00000038799ff1e0:   00007ffde606a138 00007ffe00000002
0x00000038799ff1f0:   0000000000000002 00000038799ff1e0 

Instructions: (pc=0x00007ffde6056ab7)
0x00007ffde60569b7:   8b 4d 58 e8 01 cf ff ff 48 8b 4d 60 e8 f8 ce ff
0x00007ffde60569c7:   ff 48 8b 95 80 00 00 00 48 8b 8d 18 01 00 00 e8
0x00007ffde60569d7:   c6 c3 ff ff 33 d2 33 c9 e8 3c e1 ff ff 90 48 89
0x00007ffde60569e7:   54 24 10 55 48 83 ec 20 48 8b ea 48 b8 00 00 00
0x00007ffde60569f7:   00 00 00 00 00 48 83 c4 20 5d c3 cc 40 55 48 8b
0x00007ffde6056a07:   ea 48 8b 01 33 c9 81 38 05 00 00 c0 0f 94 c1 8b
0x00007ffde6056a17:   c1 5d c3 cc 40 55 48 83 ec 20 48 8b ea 8a 4d 40
0x00007ffde6056a27:   48 83 c4 20 5d e9 f7 d2 ff ff cc 40 55 48 83 ec
0x00007ffde6056a37:   20 48 8b ea 8a 4d 20 e8 e5 d2 ff ff 90 48 83 c4
0x00007ffde6056a47:   20 5d c3 cc 40 55 48 83 ec 20 48 8b ea 48 83 c4
0x00007ffde6056a57:   20 5d e9 46 d1 ff ff cc 40 55 48 83 ec 30 48 8b
0x00007ffde6056a67:   ea 48 8b 01 8b 10 48 89 4c 24 28 89 54 24 20 4c
0x00007ffde6056a77:   8d 0d e7 d5 ff ff 4c 8b 45 70 8b 55 68 48 8b 4d
0x00007ffde6056a87:   60 e8 87 d0 ff ff 90 48 83 c4 30 5d c3 cc cc cc
0x00007ffde6056a97:   cc cc cc cc cc cc cc cc cc 40 53 48 83 ec 20 48
0x00007ffde6056aa7:   8b 1d 83 30 01 00 48 85 db 74 16 e8 09 8b ff ff
0x00007ffde6056ab7:   4c 8b 00 48 8b d3 48 8b c8 41 ff 90 b0 00 00 00
0x00007ffde6056ac7:   90 48 83 c4 20 5b c3 cc cc 40 53 48 83 ec 20 48
0x00007ffde6056ad7:   8b 1d fb 31 01 00 48 85 db 74 57 b8 ff ff ff ff
0x00007ffde6056ae7:   f0 0f c1 43 10 83 f8 01 75 3d 48 85 db 74 38 48
0x00007ffde6056af7:   8b 0b 48 85 c9 74 0d ff 15 a4 07 00 00 48 c7 03
0x00007ffde6056b07:   00 00 00 00 48 8b 4b 08 48 85 c9 74 0d e8 a7 cd
0x00007ffde6056b17:   ff ff 48 c7 43 08 00 00 00 00 ba 18 00 00 00 48
0x00007ffde6056b27:   8b cb e8 92 cd ff ff 48 c7 05 9f 31 01 00 00 00
0x00007ffde6056b37:   00 00 48 83 c4 20 5b c3 cc 40 53 48 83 ec 20 48
0x00007ffde6056b47:   8b 1d 6b 31 01 00 48 85 db 74 57 b8 ff ff ff ff
0x00007ffde6056b57:   f0 0f c1 43 10 83 f8 01 75 3d 48 85 db 74 38 48
0x00007ffde6056b67:   8b 0b 48 85 c9 74 0d ff 15 34 07 00 00 48 c7 03
0x00007ffde6056b77:   00 00 00 00 48 8b 4b 08 48 85 c9 74 0d e8 37 cd
0x00007ffde6056b87:   ff ff 48 c7 43 08 00 00 00 00 ba 18 00 00 00 48
0x00007ffde6056b97:   8b cb e8 22 cd ff ff 48 c7 05 0f 31 01 00 00 00
0x00007ffde6056ba7:   00 00 48 83 c4 20 5b c3 cc 40 53 48 83 ec 20 48 


Stack slot to memory mapping:
stack at sp + 0 slots: 0x0 is NULL
stack at sp + 1 slots: 0x0000016f646762d0 points into unknown readable memory: 0xc000e045b6aa0d95 | 95 0d aa b6 45 e0 00 c0
stack at sp + 2 slots: 0x0000016f40469840 points into unknown readable memory: 0x8000000900000001 | 01 00 00 00 09 00 00 80
stack at sp + 3 slots: 0x00007ffde6054384 glass.dll
stack at sp + 4 slots: 0x0000016f646762d8 points into unknown readable memory: 0x0000e7ba68ca5e7c | 7c 5e ca 68 ba e7 00 00
stack at sp + 5 slots: 0x00007ffe3e0d42d6 ucrtbase.dll
stack at sp + 6 slots: 0x0000e7ba68ca5e7c is an unknown value
stack at sp + 7 slots: 0x0000016f00000000 is an unknown value

VM_Operation (0x000000387a5fec00): Exit, mode: safepoint, requested by thread 0x0000016f64fb32d0


---------------  P R O C E S S  ---------------

Threads class SMR info:
_java_thread_list=0x0000016f65110b30, length=20, elements={
0x0000016f40411460, 0x0000016f62c36490, 0x0000016f62c37350, 0x0000016f62c4fca0,
0x0000016f62c506a0, 0x0000016f62c510a0, 0x0000016f62c55380, 0x0000016f62c611f0,
0x0000016f62c77030, 0x0000016f62c8e730, 0x0000016f63e7d0c0, 0x0000016f63ecdec0,
0x0000016f64034fc0, 0x0000016f646bc630, 0x0000016f646bda60, 0x0000016f64b0ea00,
0x0000016f64bff020, 0x0000016f65025b20, 0x0000016f63ddcb50, 0x0000016f64fb32d0
}

Java Threads: ( => current thread )
  0x0000016f40411460 JavaThread "main" [_thread_blocked, id=1128, stack(0x0000003879300000,0x0000003879400000)]
  0x0000016f62c36490 JavaThread "Reference Handler" daemon [_thread_blocked, id=9180, stack(0x0000003879a00000,0x0000003879b00000)]
  0x0000016f62c37350 JavaThread "Finalizer" daemon [_thread_blocked, id=23140, stack(0x0000003879b00000,0x0000003879c00000)]
  0x0000016f62c4fca0 JavaThread "Attach Listener" daemon [_thread_blocked, id=2968, stack(0x0000003879d00000,0x0000003879e00000)]
  0x0000016f62c506a0 JavaThread "Service Thread" daemon [_thread_blocked, id=15424, stack(0x0000003879e00000,0x0000003879f00000)]
  0x0000016f62c510a0 JavaThread "Monitor Deflation Thread" daemon [_thread_blocked, id=21704, stack(0x0000003879f00000,0x000000387a000000)]
  0x0000016f62c55380 JavaThread "C2 CompilerThread0" daemon [_thread_blocked, id=18480, stack(0x000000387a000000,0x000000387a100000)]
  0x0000016f62c611f0 JavaThread "C1 CompilerThread0" daemon [_thread_blocked, id=4488, stack(0x000000387a100000,0x000000387a200000)]
  0x0000016f62c77030 JavaThread "Sweeper thread" daemon [_thread_blocked, id=2932, stack(0x000000387a200000,0x000000387a300000)]
  0x0000016f62c8e730 JavaThread "Common-Cleaner" daemon [_thread_blocked, id=18580, stack(0x000000387a300000,0x000000387a400000)]
  0x0000016f63e7d0c0 JavaThread "JDWP Event Helper Thread" daemon [_thread_blocked, id=15260, stack(0x000000387a600000,0x000000387a700000)]
  0x0000016f63ecdec0 JavaThread "Notification Thread" daemon [_thread_blocked, id=2236, stack(0x000000387a800000,0x000000387a900000)]
  0x0000016f64034fc0 JavaThread "QuantumRenderer-0" daemon [_thread_blocked, id=4596, stack(0x000000387aa00000,0x000000387ab00000)]
  0x0000016f646bc630 JavaThread "InvokeLaterDispatcher" daemon [_thread_blocked, id=14948, stack(0x000000387ac00000,0x000000387ad00000)]
  0x0000016f646bda60 JavaThread "JavaFX Application Thread" [_thread_blocked, id=19108, stack(0x000000387ad00000,0x000000387ae00000)]
  0x0000016f64b0ea00 JavaThread "Thread-1" daemon [_thread_in_native, id=13180, stack(0x000000387b400000,0x000000387b500000)]
  0x0000016f64bff020 JavaThread "JavaFX-Launcher" [_thread_blocked, id=17260, stack(0x000000387b500000,0x000000387b600000)]
  0x0000016f65025b20 JavaThread "Prism Font Disposer" daemon [_thread_blocked, id=20080, stack(0x000000387b600000,0x000000387b700000)]
  0x0000016f63ddcb50 JavaThread "Cleaner-0" daemon [_thread_blocked, id=1108, stack(0x000000387bd00000,0x000000387be00000)]
  0x0000016f64fb32d0 JavaThread "SIGINT handler" daemon [_thread_blocked, id=22364, stack(0x000000387a500000,0x000000387a600000)]

Other Threads:
=>0x0000016f62c33850 VMThread "VM Thread" [stack: 0x0000003879900000,0x0000003879a00000] [id=20792]
  0x0000016f404605a0 GCTaskThread "GC Thread#0" [stack: 0x0000003879400000,0x0000003879500000] [id=7928]
  0x0000016f64a4fdc0 GCTaskThread "GC Thread#1" [stack: 0x000000387af00000,0x000000387b000000] [id=17748]
  0x0000016f64a500d0 GCTaskThread "GC Thread#2" [stack: 0x000000387b000000,0x000000387b100000] [id=8696]
  0x0000016f646fb0a0 GCTaskThread "GC Thread#3" [stack: 0x000000387b100000,0x000000387b200000] [id=6344]
  0x0000016f646fb3b0 GCTaskThread "GC Thread#4" [stack: 0x000000387b200000,0x000000387b300000] [id=17700]
  0x0000016f646fb6c0 GCTaskThread "GC Thread#5" [stack: 0x000000387b300000,0x000000387b400000] [id=5552]
  0x0000016f40472530 ConcurrentGCThread "G1 Main Marker" terminated
  0x0000016f40473740 ConcurrentGCThread "G1 Conc#0" [stack: 0x0000003879600000,0x0000003879700000] [id=18936]
  0x0000016f62af20c0 ConcurrentGCThread "G1 Refine#0" terminated
  0x0000016f6e1869e0 ConcurrentGCThread "G1 Refine#1" terminated
  0x0000016f6e186d20 ConcurrentGCThread "G1 Refine#2" terminated
  0x0000016f65121d10 ConcurrentGCThread "G1 Refine#3" terminated
  0x0000016f62af2b40 ConcurrentGCThread "G1 Service" terminated

Threads with active compile tasks:
C2 CompilerThread0  
[error occurred during error reporting (printing all threads), id 0xc0000005, EXCEPTION_ACCESS_VIOLATION (0xc0000005) at pc=0x00007ffda9dabb63]

VM state: at safepoint (shutting down)

VM Mutex/Monitor currently owned by a thread:  ([mutex/lock_event])
[0x0000016f4040d770] Threads_lock - owner thread: 0x0000016f62c33850
[0x0000016f4040d920] Heap_lock - owner thread: 0x0000016f64fb32d0

Heap address: 0x0000000700c00000, size: 4084 MB, Compressed Oops mode: Zero based, Oop shift amount: 3

CDS archive(s) mapped at: [0x0000000800000000-0x0000000800bb0000-0x0000000800bb0000), size 12255232, SharedBaseAddress: 0x0000000800000000, ArchiveRelocationMode: 0.
Compressed class space mapped at: 0x0000000800c00000-0x0000000840c00000, reserved size: 1073741824
Narrow klass base: 0x0000000800000000, Narrow klass shift: 3, Narrow klass range: 0x100000000

GC Precious Log:
 CPUs: 6 total, 6 available
 Memory: 16332M
 Large Page Support: Disabled
 NUMA Support: Disabled
 Compressed Oops: Enabled (Zero based)
 Heap Region Size: 2M
 Heap Min Capacity: 8M
 Heap Initial Capacity: 256M
 Heap Max Capacity: 4084M
 Pre-touch: Disabled
 Parallel Workers: 6
 Concurrent Workers: 2
 Concurrent Refinement Workers: 6
 Periodic GC: Disabled

Heap:
 garbage-first heap   total 262144K, used 44626K [0x0000000700c00000, 0x0000000800000000)
  region size 2048K, 17 young (34816K), 5 survivors (10240K)
 Metaspace       used 18913K, committed 19200K, reserved 1073152K
  class space    used 2447K, committed 2624K, reserved 1048576K

Heap Regions: E=young(eden), S=young(survivor), O=old, HS=humongous(starts), HC=humongous(continues), CS=collection set, F=free, OA=open archive, CA=closed archive, TAMS=top-at-mark-start (previous, next)
|   0|0x0000000700c00000, 0x0000000700e00000, 0x0000000700e00000|100%| O|  |TAMS 0x0000000700c00000, 0x0000000700c00000| Untracked 
|   1|0x0000000700e00000, 0x0000000701000000, 0x0000000701000000|100%|HS|  |TAMS 0x0000000700e00000, 0x0000000700e00000| Complete 
|   2|0x0000000701000000, 0x0000000701200000, 0x0000000701200000|100%|HS|  |TAMS 0x0000000701000000, 0x0000000701000000| Complete 
|   3|0x0000000701200000, 0x0000000701400000, 0x0000000701400000|100%| O|  |TAMS 0x0000000701200000, 0x0000000701200000| Untracked 
|   4|0x0000000701400000, 0x0000000701594800, 0x0000000701600000| 79%| O|  |TAMS 0x0000000701400000, 0x0000000701400000| Untracked 
|   5|0x0000000701600000, 0x0000000701800000, 0x0000000701800000|100%|HS|  |TAMS 0x0000000701600000, 0x0000000701600000| Complete 
|   6|0x0000000701800000, 0x0000000701800000, 0x0000000701a00000|  0%| F|  |TAMS 0x0000000701800000, 0x0000000701800000| Untracked 
|   7|0x0000000701a00000, 0x0000000701a00000, 0x0000000701c00000|  0%| F|  |TAMS 0x0000000701a00000, 0x0000000701a00000| Untracked 
|   8|0x0000000701c00000, 0x0000000701c00000, 0x0000000701e00000|  0%| F|  |TAMS 0x0000000701c00000, 0x0000000701c00000| Untracked 
|   9|0x0000000701e00000, 0x0000000701e00000, 0x0000000702000000|  0%| F|  |TAMS 0x0000000701e00000, 0x0000000701e00000| Untracked 
|  10|0x0000000702000000, 0x0000000702000000, 0x0000000702200000|  0%| F|  |TAMS 0x0000000702000000, 0x0000000702000000| Untracked 
|  11|0x0000000702200000, 0x0000000702200000, 0x0000000702400000|  0%| F|  |TAMS 0x0000000702200000, 0x0000000702200000| Untracked 
|  12|0x0000000702400000, 0x0000000702400000, 0x0000000702600000|  0%| F|  |TAMS 0x0000000702400000, 0x0000000702400000| Untracked 
|  13|0x0000000702600000, 0x0000000702600000, 0x0000000702800000|  0%| F|  |TAMS 0x0000000702600000, 0x0000000702600000| Untracked 
|  14|0x0000000702800000, 0x0000000702800000, 0x0000000702a00000|  0%| F|  |TAMS 0x0000000702800000, 0x0000000702800000| Untracked 
|  15|0x0000000702a00000, 0x0000000702a00000, 0x0000000702c00000|  0%| F|  |TAMS 0x0000000702a00000, 0x0000000702a00000| Untracked 
|  16|0x0000000702c00000, 0x0000000702c00000, 0x0000000702e00000|  0%| F|  |TAMS 0x0000000702c00000, 0x0000000702c00000| Untracked 
|  17|0x0000000702e00000, 0x0000000702e00000, 0x0000000703000000|  0%| F|  |TAMS 0x0000000702e00000, 0x0000000702e00000| Untracked 
|  18|0x0000000703000000, 0x0000000703000000, 0x0000000703200000|  0%| F|  |TAMS 0x0000000703000000, 0x0000000703000000| Untracked 
|  19|0x0000000703200000, 0x0000000703200000, 0x0000000703400000|  0%| F|  |TAMS 0x0000000703200000, 0x0000000703200000| Untracked 
|  20|0x0000000703400000, 0x0000000703400000, 0x0000000703600000|  0%| F|  |TAMS 0x0000000703400000, 0x0000000703400000| Untracked 
|  21|0x0000000703600000, 0x0000000703600000, 0x0000000703800000|  0%| F|  |TAMS 0x0000000703600000, 0x0000000703600000| Untracked 
|  22|0x0000000703800000, 0x0000000703800000, 0x0000000703a00000|  0%| F|  |TAMS 0x0000000703800000, 0x0000000703800000| Untracked 
|  23|0x0000000703a00000, 0x0000000703a00000, 0x0000000703c00000|  0%| F|  |TAMS 0x0000000703a00000, 0x0000000703a00000| Untracked 
|  24|0x0000000703c00000, 0x0000000703c00000, 0x0000000703e00000|  0%| F|  |TAMS 0x0000000703c00000, 0x0000000703c00000| Untracked 
|  25|0x0000000703e00000, 0x0000000703e00000, 0x0000000704000000|  0%| F|  |TAMS 0x0000000703e00000, 0x0000000703e00000| Untracked 
|  26|0x0000000704000000, 0x0000000704000000, 0x0000000704200000|  0%| F|  |TAMS 0x0000000704000000, 0x0000000704000000| Untracked 
|  27|0x0000000704200000, 0x0000000704200000, 0x0000000704400000|  0%| F|  |TAMS 0x0000000704200000, 0x0000000704200000| Untracked 
|  28|0x0000000704400000, 0x0000000704400000, 0x0000000704600000|  0%| F|  |TAMS 0x0000000704400000, 0x0000000704400000| Untracked 
|  29|0x0000000704600000, 0x0000000704600000, 0x0000000704800000|  0%| F|  |TAMS 0x0000000704600000, 0x0000000704600000| Untracked 
|  30|0x0000000704800000, 0x0000000704800000, 0x0000000704a00000|  0%| F|  |TAMS 0x0000000704800000, 0x0000000704800000| Untracked 
|  31|0x0000000704a00000, 0x0000000704a00000, 0x0000000704c00000|  0%| F|  |TAMS 0x0000000704a00000, 0x0000000704a00000| Untracked 
|  32|0x0000000704c00000, 0x0000000704c00000, 0x0000000704e00000|  0%| F|  |TAMS 0x0000000704c00000, 0x0000000704c00000| Untracked 
|  33|0x0000000704e00000, 0x0000000704e00000, 0x0000000705000000|  0%| F|  |TAMS 0x0000000704e00000, 0x0000000704e00000| Untracked 
|  34|0x0000000705000000, 0x0000000705000000, 0x0000000705200000|  0%| F|  |TAMS 0x0000000705000000, 0x0000000705000000| Untracked 
|  35|0x0000000705200000, 0x0000000705200000, 0x0000000705400000|  0%| F|  |TAMS 0x0000000705200000, 0x0000000705200000| Untracked 
|  36|0x0000000705400000, 0x0000000705400000, 0x0000000705600000|  0%| F|  |TAMS 0x0000000705400000, 0x0000000705400000| Untracked 
|  37|0x0000000705600000, 0x0000000705600000, 0x0000000705800000|  0%| F|  |TAMS 0x0000000705600000, 0x0000000705600000| Untracked 
|  38|0x0000000705800000, 0x0000000705800000, 0x0000000705a00000|  0%| F|  |TAMS 0x0000000705800000, 0x0000000705800000| Untracked 
|  39|0x0000000705a00000, 0x0000000705a00000, 0x0000000705c00000|  0%| F|  |TAMS 0x0000000705a00000, 0x0000000705a00000| Untracked 
|  40|0x0000000705c00000, 0x0000000705c00000, 0x0000000705e00000|  0%| F|  |TAMS 0x0000000705c00000, 0x0000000705c00000| Untracked 
|  41|0x0000000705e00000, 0x0000000705e00000, 0x0000000706000000|  0%| F|  |TAMS 0x0000000705e00000, 0x0000000705e00000| Untracked 
|  42|0x0000000706000000, 0x0000000706000000, 0x0000000706200000|  0%| F|  |TAMS 0x0000000706000000, 0x0000000706000000| Untracked 
|  43|0x0000000706200000, 0x0000000706200000, 0x0000000706400000|  0%| F|  |TAMS 0x0000000706200000, 0x0000000706200000| Untracked 
|  44|0x0000000706400000, 0x0000000706400000, 0x0000000706600000|  0%| F|  |TAMS 0x0000000706400000, 0x0000000706400000| Untracked 
|  45|0x0000000706600000, 0x0000000706600000, 0x0000000706800000|  0%| F|  |TAMS 0x0000000706600000, 0x0000000706600000| Untracked 
|  46|0x0000000706800000, 0x0000000706800000, 0x0000000706a00000|  0%| F|  |TAMS 0x0000000706800000, 0x0000000706800000| Untracked 
|  47|0x0000000706a00000, 0x0000000706a00000, 0x0000000706c00000|  0%| F|  |TAMS 0x0000000706a00000, 0x0000000706a00000| Untracked 
|  48|0x0000000706c00000, 0x0000000706c00000, 0x0000000706e00000|  0%| F|  |TAMS 0x0000000706c00000, 0x0000000706c00000| Untracked 
|  49|0x0000000706e00000, 0x0000000706e00000, 0x0000000707000000|  0%| F|  |TAMS 0x0000000706e00000, 0x0000000706e00000| Untracked 
|  50|0x0000000707000000, 0x0000000707000000, 0x0000000707200000|  0%| F|  |TAMS 0x0000000707000000, 0x0000000707000000| Untracked 
|  51|0x0000000707200000, 0x0000000707200000, 0x0000000707400000|  0%| F|  |TAMS 0x0000000707200000, 0x0000000707200000| Untracked 
|  52|0x0000000707400000, 0x0000000707400000, 0x0000000707600000|  0%| F|  |TAMS 0x0000000707400000, 0x0000000707400000| Untracked 
|  53|0x0000000707600000, 0x0000000707600000, 0x0000000707800000|  0%| F|  |TAMS 0x0000000707600000, 0x0000000707600000| Untracked 
|  54|0x0000000707800000, 0x0000000707800000, 0x0000000707a00000|  0%| F|  |TAMS 0x0000000707800000, 0x0000000707800000| Untracked 
|  55|0x0000000707a00000, 0x0000000707a00000, 0x0000000707c00000|  0%| F|  |TAMS 0x0000000707a00000, 0x0000000707a00000| Untracked 
|  56|0x0000000707c00000, 0x0000000707c00000, 0x0000000707e00000|  0%| F|  |TAMS 0x0000000707c00000, 0x0000000707c00000| Untracked 
|  57|0x0000000707e00000, 0x0000000707e00000, 0x0000000708000000|  0%| F|  |TAMS 0x0000000707e00000, 0x0000000707e00000| Untracked 
|  58|0x0000000708000000, 0x0000000708000000, 0x0000000708200000|  0%| F|  |TAMS 0x0000000708000000, 0x0000000708000000| Untracked 
|  59|0x0000000708200000, 0x0000000708200000, 0x0000000708400000|  0%| F|  |TAMS 0x0000000708200000, 0x0000000708200000| Untracked 
|  60|0x0000000708400000, 0x0000000708400000, 0x0000000708600000|  0%| F|  |TAMS 0x0000000708400000, 0x0000000708400000| Untracked 
|  61|0x0000000708600000, 0x0000000708600000, 0x0000000708800000|  0%| F|  |TAMS 0x0000000708600000, 0x0000000708600000| Untracked 
|  62|0x0000000708800000, 0x0000000708800000, 0x0000000708a00000|  0%| F|  |TAMS 0x0000000708800000, 0x0000000708800000| Untracked 
|  63|0x0000000708a00000, 0x0000000708a00000, 0x0000000708c00000|  0%| F|  |TAMS 0x0000000708a00000, 0x0000000708a00000| Untracked 
|  64|0x0000000708c00000, 0x0000000708c00000, 0x0000000708e00000|  0%| F|  |TAMS 0x0000000708c00000, 0x0000000708c00000| Untracked 
|  65|0x0000000708e00000, 0x0000000708e00000, 0x0000000709000000|  0%| F|  |TAMS 0x0000000708e00000, 0x0000000708e00000| Untracked 
|  66|0x0000000709000000, 0x0000000709000000, 0x0000000709200000|  0%| F|  |TAMS 0x0000000709000000, 0x0000000709000000| Untracked 
|  67|0x0000000709200000, 0x0000000709200000, 0x0000000709400000|  0%| F|  |TAMS 0x0000000709200000, 0x0000000709200000| Untracked 
|  68|0x0000000709400000, 0x0000000709400000, 0x0000000709600000|  0%| F|  |TAMS 0x0000000709400000, 0x0000000709400000| Untracked 
|  69|0x0000000709600000, 0x0000000709600000, 0x0000000709800000|  0%| F|  |TAMS 0x0000000709600000, 0x0000000709600000| Untracked 
|  70|0x0000000709800000, 0x0000000709800000, 0x0000000709a00000|  0%| F|  |TAMS 0x0000000709800000, 0x0000000709800000| Untracked 
|  71|0x0000000709a00000, 0x0000000709a00000, 0x0000000709c00000|  0%| F|  |TAMS 0x0000000709a00000, 0x0000000709a00000| Untracked 
|  72|0x0000000709c00000, 0x0000000709c00000, 0x0000000709e00000|  0%| F|  |TAMS 0x0000000709c00000, 0x0000000709c00000| Untracked 
|  73|0x0000000709e00000, 0x0000000709e00000, 0x000000070a000000|  0%| F|  |TAMS 0x0000000709e00000, 0x0000000709e00000| Untracked 
|  74|0x000000070a000000, 0x000000070a000000, 0x000000070a200000|  0%| F|  |TAMS 0x000000070a000000, 0x000000070a000000| Untracked 
|  75|0x000000070a200000, 0x000000070a200000, 0x000000070a400000|  0%| F|  |TAMS 0x000000070a200000, 0x000000070a200000| Untracked 
|  76|0x000000070a400000, 0x000000070a400000, 0x000000070a600000|  0%| F|  |TAMS 0x000000070a400000, 0x000000070a400000| Untracked 
|  77|0x000000070a600000, 0x000000070a600000, 0x000000070a800000|  0%| F|  |TAMS 0x000000070a600000, 0x000000070a600000| Untracked 
|  78|0x000000070a800000, 0x000000070a800000, 0x000000070aa00000|  0%| F|  |TAMS 0x000000070a800000, 0x000000070a800000| Untracked 
|  79|0x000000070aa00000, 0x000000070aa00000, 0x000000070ac00000|  0%| F|  |TAMS 0x000000070aa00000, 0x000000070aa00000| Untracked 
|  80|0x000000070ac00000, 0x000000070ac00000, 0x000000070ae00000|  0%| F|  |TAMS 0x000000070ac00000, 0x000000070ac00000| Untracked 
|  81|0x000000070ae00000, 0x000000070ae00000, 0x000000070b000000|  0%| F|  |TAMS 0x000000070ae00000, 0x000000070ae00000| Untracked 
|  82|0x000000070b000000, 0x000000070b000000, 0x000000070b200000|  0%| F|  |TAMS 0x000000070b000000, 0x000000070b000000| Untracked 
|  83|0x000000070b200000, 0x000000070b200000, 0x000000070b400000|  0%| F|  |TAMS 0x000000070b200000, 0x000000070b200000| Untracked 
|  84|0x000000070b400000, 0x000000070b400000, 0x000000070b600000|  0%| F|  |TAMS 0x000000070b400000, 0x000000070b400000| Untracked 
|  85|0x000000070b600000, 0x000000070b600000, 0x000000070b800000|  0%| F|  |TAMS 0x000000070b600000, 0x000000070b600000| Untracked 
|  86|0x000000070b800000, 0x000000070b800000, 0x000000070ba00000|  0%| F|  |TAMS 0x000000070b800000, 0x000000070b800000| Untracked 
|  87|0x000000070ba00000, 0x000000070ba00000, 0x000000070bc00000|  0%| F|  |TAMS 0x000000070ba00000, 0x000000070ba00000| Untracked 
|  88|0x000000070bc00000, 0x000000070bc00000, 0x000000070be00000|  0%| F|  |TAMS 0x000000070bc00000, 0x000000070bc00000| Untracked 
|  89|0x000000070be00000, 0x000000070c000000, 0x000000070c000000|100%| S|CS|TAMS 0x000000070be00000, 0x000000070be00000| Complete 
|  90|0x000000070c000000, 0x000000070c200000, 0x000000070c200000|100%| S|CS|TAMS 0x000000070c000000, 0x000000070c000000| Complete 
|  91|0x000000070c200000, 0x000000070c400000, 0x000000070c400000|100%| S|CS|TAMS 0x000000070c200000, 0x000000070c200000| Complete 
|  92|0x000000070c400000, 0x000000070c600000, 0x000000070c600000|100%| S|CS|TAMS 0x000000070c400000, 0x000000070c400000| Complete 
|  93|0x000000070c600000, 0x000000070c800000, 0x000000070c800000|100%| S|CS|TAMS 0x000000070c600000, 0x000000070c600000| Complete 
|  94|0x000000070c800000, 0x000000070c800000, 0x000000070ca00000|  0%| F|  |TAMS 0x000000070c800000, 0x000000070c800000| Untracked 
|  95|0x000000070ca00000, 0x000000070ca00000, 0x000000070cc00000|  0%| F|  |TAMS 0x000000070ca00000, 0x000000070ca00000| Untracked 
|  96|0x000000070cc00000, 0x000000070cc00000, 0x000000070ce00000|  0%| F|  |TAMS 0x000000070cc00000, 0x000000070cc00000| Untracked 
|  97|0x000000070ce00000, 0x000000070ce00000, 0x000000070d000000|  0%| F|  |TAMS 0x000000070ce00000, 0x000000070ce00000| Untracked 
|  98|0x000000070d000000, 0x000000070d000000, 0x000000070d200000|  0%| F|  |TAMS 0x000000070d000000, 0x000000070d000000| Untracked 
|  99|0x000000070d200000, 0x000000070d200000, 0x000000070d400000|  0%| F|  |TAMS 0x000000070d200000, 0x000000070d200000| Untracked 
| 100|0x000000070d400000, 0x000000070d400000, 0x000000070d600000|  0%| F|  |TAMS 0x000000070d400000, 0x000000070d400000| Untracked 
| 101|0x000000070d600000, 0x000000070d600000, 0x000000070d800000|  0%| F|  |TAMS 0x000000070d600000, 0x000000070d600000| Untracked 
| 102|0x000000070d800000, 0x000000070d800000, 0x000000070da00000|  0%| F|  |TAMS 0x000000070d800000, 0x000000070d800000| Untracked 
| 103|0x000000070da00000, 0x000000070da00000, 0x000000070dc00000|  0%| F|  |TAMS 0x000000070da00000, 0x000000070da00000| Untracked 
| 104|0x000000070dc00000, 0x000000070dc00000, 0x000000070de00000|  0%| F|  |TAMS 0x000000070dc00000, 0x000000070dc00000| Untracked 
| 105|0x000000070de00000, 0x000000070de00000, 0x000000070e000000|  0%| F|  |TAMS 0x000000070de00000, 0x000000070de00000| Untracked 
| 106|0x000000070e000000, 0x000000070e000000, 0x000000070e200000|  0%| F|  |TAMS 0x000000070e000000, 0x000000070e000000| Untracked 
| 107|0x000000070e200000, 0x000000070e200000, 0x000000070e400000|  0%| F|  |TAMS 0x000000070e200000, 0x000000070e200000| Untracked 
| 108|0x000000070e400000, 0x000000070e400000, 0x000000070e600000|  0%| F|  |TAMS 0x000000070e400000, 0x000000070e400000| Untracked 
| 109|0x000000070e600000, 0x000000070e600000, 0x000000070e800000|  0%| F|  |TAMS 0x000000070e600000, 0x000000070e600000| Untracked 
| 110|0x000000070e800000, 0x000000070e800000, 0x000000070ea00000|  0%| F|  |TAMS 0x000000070e800000, 0x000000070e800000| Untracked 
| 111|0x000000070ea00000, 0x000000070ea00000, 0x000000070ec00000|  0%| F|  |TAMS 0x000000070ea00000, 0x000000070ea00000| Untracked 
| 112|0x000000070ec00000, 0x000000070ec00000, 0x000000070ee00000|  0%| F|  |TAMS 0x000000070ec00000, 0x000000070ec00000| Untracked 
| 113|0x000000070ee00000, 0x000000070ee00000, 0x000000070f000000|  0%| F|  |TAMS 0x000000070ee00000, 0x000000070ee00000| Untracked 
| 114|0x000000070f000000, 0x000000070f000000, 0x000000070f200000|  0%| F|  |TAMS 0x000000070f000000, 0x000000070f000000| Untracked 
| 115|0x000000070f200000, 0x000000070f200000, 0x000000070f400000|  0%| F|  |TAMS 0x000000070f200000, 0x000000070f200000| Untracked 
| 116|0x000000070f400000, 0x000000070f5b3b88, 0x000000070f600000| 85%| E|  |TAMS 0x000000070f400000, 0x000000070f400000| Complete 
| 117|0x000000070f600000, 0x000000070f800000, 0x000000070f800000|100%| E|CS|TAMS 0x000000070f600000, 0x000000070f600000| Complete 
| 118|0x000000070f800000, 0x000000070fa00000, 0x000000070fa00000|100%| E|CS|TAMS 0x000000070f800000, 0x000000070f800000| Complete 
| 119|0x000000070fa00000, 0x000000070fc00000, 0x000000070fc00000|100%| E|CS|TAMS 0x000000070fa00000, 0x000000070fa00000| Complete 
| 120|0x000000070fc00000, 0x000000070fe00000, 0x000000070fe00000|100%| E|CS|TAMS 0x000000070fc00000, 0x000000070fc00000| Complete 
| 121|0x000000070fe00000, 0x0000000710000000, 0x0000000710000000|100%| E|CS|TAMS 0x000000070fe00000, 0x000000070fe00000| Complete 
| 122|0x0000000710000000, 0x0000000710200000, 0x0000000710200000|100%| E|CS|TAMS 0x0000000710000000, 0x0000000710000000| Complete 
| 123|0x0000000710200000, 0x0000000710400000, 0x0000000710400000|100%| E|CS|TAMS 0x0000000710200000, 0x0000000710200000| Complete 
| 124|0x0000000710400000, 0x0000000710600000, 0x0000000710600000|100%| E|CS|TAMS 0x0000000710400000, 0x0000000710400000| Complete 
| 125|0x0000000710600000, 0x0000000710800000, 0x0000000710800000|100%| E|CS|TAMS 0x0000000710600000, 0x0000000710600000| Complete 
| 126|0x0000000710800000, 0x0000000710a00000, 0x0000000710a00000|100%| E|CS|TAMS 0x0000000710800000, 0x0000000710800000| Complete 
| 127|0x0000000710a00000, 0x0000000710c00000, 0x0000000710c00000|100%| E|CS|TAMS 0x0000000710a00000, 0x0000000710a00000| Complete 

Card table byte_map: [0x0000016f57490000,0x0000016f57c90000] _byte_map_base: 0x0000016f53c8a000

Marking Bits (Prev, Next): (CMBitMap*) 0x0000016f40460c10, (CMBitMap*) 0x0000016f40460c50
 Prev Bits: [0x0000016f58490000, 0x0000016f5c460000)
 Next Bits: [0x0000016f5c460000, 0x0000016f60430000)

Polling page: 0x0000016f3e3b0000

Metaspace:

Usage:
  Non-class:     16.08 MB used.
      Class:      2.39 MB used.
       Both:     18.47 MB used.

Virtual space:
  Non-class space:       24.00 MB reserved,      16.19 MB ( 67%) committed,  3 nodes.
      Class space:        1.00 GB reserved,       2.56 MB ( <1%) committed,  1 nodes.
              Both:        1.02 GB reserved,      18.75 MB (  2%) committed. 

Chunk freelists:
   Non-Class:  2.89 MB
       Class:  1.47 MB
        Both:  4.36 MB

MaxMetaspaceSize: 17179869184.00 GB
CompressedClassSpaceSize: 1.00 GB
 - commit_granule_bytes: 65536.
 - commit_granule_words: 8192.
 - virtual_space_node_default_size: 1048576.
 - enlarge_chunks_in_place: 1.
 - new_chunks_are_fully_committed: 0.
 - uncommit_free_chunks: 1.
 - use_allocation_guard: 0.
 - handle_deallocations: 1.


Internal statistics:

num_allocs_failed_limit: 0.
num_arena_births: 282.
num_arena_deaths: 0.
num_vsnodes_births: 4.
num_vsnodes_deaths: 0.
num_space_committed: 300.
num_space_uncommitted: 0.
num_chunks_returned_to_freelist: 0.
num_chunks_taken_from_freelist: 934.
num_chunk_merges: 0.
num_chunk_splits: 625.
num_chunks_enlarged: 444.
num_purges: 0.

CodeHeap 'non-profiled nmethods': size=120000Kb used=3225Kb max_used=3225Kb free=116774Kb
 bounds [0x0000016f4f650000, 0x0000016f4f980000, 0x0000016f56b80000]
CodeHeap 'profiled nmethods': size=120000Kb used=10391Kb max_used=10391Kb free=109609Kb
 bounds [0x0000016f48120000, 0x0000016f48b50000, 0x0000016f4f650000]
CodeHeap 'non-nmethods': size=5760Kb used=1542Kb max_used=1629Kb free=4217Kb
 bounds [0x0000016f47b80000, 0x0000016f47df0000, 0x0000016f48120000]
 total_blobs=5736 nmethods=4897 adapters=751
 compilation: enabled
              stopped_count=0, restarted_count=0
 full_count=0

Compilation events (20 events):
Event: 374.016 Thread 0x0000016f62c611f0 4892       3       com.sun.javafx.font.directwrite.DWFactory::getDWriteFactory (17 bytes)
Event: 374.016 Thread 0x0000016f62c611f0 nmethod 4892 0x0000016f48b41110 code [0x0000016f48b412c0, 0x0000016f48b41488]
Event: 374.016 Thread 0x0000016f62c611f0 4893       3       com.sun.javafx.font.directwrite.DWFontStrike::createGlyph (14 bytes)
Event: 374.016 Thread 0x0000016f62c611f0 nmethod 4893 0x0000016f48b41510 code [0x0000016f48b416c0, 0x0000016f48b41888]
Event: 374.016 Thread 0x0000016f62c611f0 4894       3       com.sun.javafx.font.directwrite.DWGlyph::<init> (145 bytes)
Event: 374.017 Thread 0x0000016f62c611f0 nmethod 4894 0x0000016f48b41990 code [0x0000016f48b41b80, 0x0000016f48b42498]
Event: 374.017 Thread 0x0000016f62c611f0 4895       3       com.sun.javafx.font.directwrite.DWRITE_GLYPH_RUN::<init> (5 bytes)
Event: 374.017 Thread 0x0000016f62c611f0 nmethod 4895 0x0000016f48b42710 code [0x0000016f48b428c0, 0x0000016f48b42a18]
Event: 374.017 Thread 0x0000016f62c611f0 4896       3       com.sun.javafx.font.directwrite.IDWriteFactory::CreateGlyphRunAnalysis (41 bytes)
Event: 374.017 Thread 0x0000016f62c611f0 nmethod 4896 0x0000016f48b42b10 code [0x0000016f48b42ce0, 0x0000016f48b430c8]
Event: 374.017 Thread 0x0000016f62c611f0 4898       3       com.sun.javafx.font.directwrite.IDWriteGlyphRunAnalysis::<init> (6 bytes)
Event: 374.017 Thread 0x0000016f62c611f0 nmethod 4898 0x0000016f48b43290 code [0x0000016f48b43440, 0x0000016f48b43618]
Event: 374.019 Thread 0x0000016f62c611f0 4899       3       com.sun.javafx.sg.prism.NGText::renderContent2D (355 bytes)
Event: 374.020 Thread 0x0000016f62c611f0 nmethod 4899 0x0000016f48b43710 code [0x0000016f48b43a20, 0x0000016f48b452d8]
Event: 374.021 Thread 0x0000016f62c611f0 4900       1       com.sun.prism.paint.Stop::getOffset (5 bytes)
Event: 374.021 Thread 0x0000016f62c611f0 nmethod 4900 0x0000016f4f976310 code [0x0000016f4f9764a0, 0x0000016f4f976578]
Event: 375.839 Thread 0x0000016f62c611f0 4901       3       java.util.concurrent.ThreadPoolExecutor::runStateAtLeast (11 bytes)
Event: 375.839 Thread 0x0000016f62c611f0 nmethod 4901 0x0000016f48b45890 code [0x0000016f48b45a20, 0x0000016f48b45b78]
Event: 379.952 Thread 0x0000016f62c611f0 4902       3       java.util.LinkedList::checkPositionIndex (22 bytes)
Event: 379.952 Thread 0x0000016f62c55380 4904   !   4       java.lang.ref.ReferenceQueue::poll (28 bytes)

GC Heap History (6 events):
Event: 0.578 GC heap before
{Heap before GC invocations=0 (full 0):
 garbage-first heap   total 262144K, used 18432K [0x0000000700c00000, 0x0000000800000000)
  region size 2048K, 10 young (20480K), 0 survivors (0K)
 Metaspace       used 3889K, committed 4032K, reserved 1056768K
  class space    used 379K, committed 448K, reserved 1048576K
}
Event: 0.581 GC heap after
{Heap after GC invocations=1 (full 0):
 garbage-first heap   total 262144K, used 1949K [0x0000000700c00000, 0x0000000800000000)
  region size 2048K, 1 young (2048K), 1 survivors (2048K)
 Metaspace       used 3889K, committed 4032K, reserved 1056768K
  class space    used 379K, committed 448K, reserved 1048576K
}
Event: 1.055 GC heap before
{Heap before GC invocations=1 (full 0):
 garbage-first heap   total 262144K, used 32669K [0x0000000700c00000, 0x0000000800000000)
  region size 2048K, 17 young (34816K), 1 survivors (2048K)
 Metaspace       used 10858K, committed 11136K, reserved 1064960K
  class space    used 1385K, committed 1536K, reserved 1048576K
}
Event: 1.060 GC heap after
{Heap after GC invocations=2 (full 0):
 garbage-first heap   total 262144K, used 6983K [0x0000000700c00000, 0x0000000800000000)
  region size 2048K, 3 young (6144K), 3 survivors (6144K)
 Metaspace       used 10858K, committed 11136K, reserved 1064960K
  class space    used 1385K, committed 1536K, reserved 1048576K
}
Event: 42.257 GC heap before
{Heap before GC invocations=2 (full 0):
 garbage-first heap   total 262144K, used 74567K [0x0000000700c00000, 0x0000000800000000)
  region size 2048K, 34 young (69632K), 3 survivors (6144K)
 Metaspace       used 18794K, committed 19072K, reserved 1073152K
  class space    used 2435K, committed 2624K, reserved 1048576K
}
Event: 42.266 GC heap after
{Heap after GC invocations=3 (full 0):
 garbage-first heap   total 262144K, used 20050K [0x0000000700c00000, 0x0000000800000000)
  region size 2048K, 5 young (10240K), 5 survivors (10240K)
 Metaspace       used 18794K, committed 19072K, reserved 1073152K
  class space    used 2435K, committed 2624K, reserved 1048576K
}

Deoptimization events (20 events):
Event: 373.977 Thread 0x0000016f64034fc0 Uncommon trap: trap_request=0xffffff45 fr.pc=0x0000016f4f878d04 relative=0x0000000000001be4
Event: 373.977 Thread 0x0000016f64034fc0 Uncommon trap: reason=unstable_if action=reinterpret pc=0x0000016f4f878d04 method=com.sun.javafx.sg.prism.NGText.getStrike(Lcom/sun/javafx/geom/transform/BaseTransform;)Lcom/sun/javafx/font/FontStrike; @ 70 c2
Event: 373.977 Thread 0x0000016f64034fc0 DEOPT PACKING pc=0x0000016f4f878d04 sp=0x000000387aafe510
Event: 373.977 Thread 0x0000016f64034fc0 DEOPT UNPACKING pc=0x0000016f47bcd72e sp=0x000000387aafe480 mode 2
Event: 373.980 Thread 0x0000016f64034fc0 Uncommon trap: trap_request=0xffffff45 fr.pc=0x0000016f4f89785c relative=0x00000000000004fc
Event: 373.980 Thread 0x0000016f64034fc0 Uncommon trap: reason=unstable_if action=reinterpret pc=0x0000016f4f89785c method=com.sun.javafx.sg.prism.NGText.renderText(Lcom/sun/prism/Graphics;Lcom/sun/javafx/font/FontStrike;Lcom/sun/javafx/geom/BaseBounds;Lcom/sun/prism/paint/Color;I)V @ 147 c2
Event: 373.980 Thread 0x0000016f64034fc0 DEOPT PACKING pc=0x0000016f4f89785c sp=0x000000387aafe460
Event: 373.980 Thread 0x0000016f64034fc0 DEOPT UNPACKING pc=0x0000016f47bcd72e sp=0x000000387aafe410 mode 2
Event: 379.952 Thread 0x0000016f64fae870 Uncommon trap: trap_request=0xffffff45 fr.pc=0x0000016f4f902e0c relative=0x000000000000016c
Event: 379.952 Thread 0x0000016f64fae870 Uncommon trap: reason=unstable_if action=reinterpret pc=0x0000016f4f902e0c method=java.util.concurrent.locks.ReentrantLock$NonfairSync.initialTryLock()Z @ 10 c2
Event: 379.952 Thread 0x0000016f64fae870 DEOPT PACKING pc=0x0000016f4f902e0c sp=0x000000387b9fed10
Event: 379.952 Thread 0x0000016f64fae870 DEOPT UNPACKING pc=0x0000016f47bcd72e sp=0x000000387b9fecb8 mode 2
Event: 379.952 Thread 0x0000016f64fae870 Uncommon trap: trap_request=0xffffff45 fr.pc=0x0000016f4f8a9cf8 relative=0x00000000000000d8
Event: 379.952 Thread 0x0000016f64fae870 Uncommon trap: reason=unstable_if action=reinterpret pc=0x0000016f4f8a9cf8 method=java.util.concurrent.locks.ReentrantLock$Sync.tryRelease(I)Z @ 26 c2
Event: 379.952 Thread 0x0000016f64fae870 DEOPT PACKING pc=0x0000016f4f8a9cf8 sp=0x000000387b9fecf0
Event: 379.952 Thread 0x0000016f64fae870 DEOPT UNPACKING pc=0x0000016f47bcd72e sp=0x000000387b9feca0 mode 2
Event: 379.952 Thread 0x0000016f64034fc0 DEOPT PACKING pc=0x0000016f489083e4 sp=0x000000387aafef90
Event: 379.952 Thread 0x0000016f64034fc0 DEOPT UNPACKING pc=0x0000016f47bcdece sp=0x000000387aafe4b0 mode 1
Event: 379.952 Thread 0x0000016f64fae870 DEOPT PACKING pc=0x0000016f48292a54 sp=0x000000387b9ff050
Event: 379.952 Thread 0x0000016f64fae870 DEOPT UNPACKING pc=0x0000016f47bcdece sp=0x000000387b9fe4b0 mode 1

Classes unloaded (0 events):
No events

Classes redefined (0 events):
No events

Internal exceptions (20 events):
Event: 1.695 Thread 0x0000016f64034fc0 Exception <a 'java/lang/NoSuchMethodError'{0x000000070e21f330}: 'int java.lang.invoke.DirectMethodHandle$Holder.invokeStaticInit(java.lang.Object, java.lang.Object)'> (0x000000070e21f330) 
thrown [t:\workspace\open\src\hotspot\share\interpreter\linkResolver.cpp, line 790]
Event: 1.704 Thread 0x0000016f646bda60 Exception <a 'java/lang/NoSuchMethodError'{0x000000070e2a8428}: 'long java.lang.invoke.DirectMethodHandle$Holder.invokeStatic(java.lang.Object, java.lang.Object, java.lang.Object)'> (0x000000070e2a8428) 
thrown [t:\workspace\open\src\hotspot\share\interpreter\linkResolver.cpp, line 790]
Event: 1.704 Thread 0x0000016f646bda60 Exception <a 'java/lang/NoSuchMethodError'{0x000000070e2abdd8}: 'long java.lang.invoke.DirectMethodHandle$Holder.invokeStaticInit(java.lang.Object, java.lang.Object, java.lang.Object)'> (0x000000070e2abdd8) 
thrown [t:\workspace\open\src\hotspot\share\interpreter\linkResolver.cpp, line 790]
Event: 1.706 Thread 0x0000016f646bda60 Exception <a 'java/lang/NoSuchMethodError'{0x000000070e2c3cf8}: 'java.lang.Object java.lang.invoke.DirectMethodHandle$Holder.newInvokeSpecial(java.lang.Object, java.lang.Object, long)'> (0x000000070e2c3cf8) 
thrown [t:\workspace\open\src\hotspot\share\interpreter\linkResolver.cpp, line 790]
Event: 1.707 Thread 0x0000016f646bda60 Exception <a 'java/lang/NoSuchMethodError'{0x000000070e2c7a68}: 'java.lang.Object java.lang.invoke.Invokers$Holder.linkToTargetMethod(java.lang.Object, long, java.lang.Object)'> (0x000000070e2c7a68) 
thrown [t:\workspace\open\src\hotspot\share\interpreter\linkResolver.cpp, line 790]
Event: 1.782 Thread 0x0000016f64034fc0 Exception <a 'java/lang/NoSuchMethodError'{0x000000070df41390}: 'java.lang.Object java.lang.invoke.DirectMethodHandle$Holder.invokeStaticInit(java.lang.Object, int)'> (0x000000070df41390) 
thrown [t:\workspace\open\src\hotspot\share\interpreter\linkResolver.cpp, line 790]
Event: 4.776 Thread 0x0000016f646bda60 Exception <a 'java/lang/NoSuchMethodError'{0x000000070db214b8}: 'java.lang.Object java.lang.invoke.DirectMethodHandle$Holder.newInvokeSpecial(java.lang.Object, java.lang.Object, int, int, int, int, int, java.lang.Object)'> (0x000000070db214b8) 
thrown [t:\workspace\open\src\hotspot\share\interpreter\linkResolver.cpp, line 790]
Event: 4.778 Thread 0x0000016f646bda60 Exception <a 'java/lang/NoSuchMethodError'{0x000000070db34e78}: 'java.lang.Object java.lang.invoke.DirectMethodHandle$Holder.newInvokeSpecial(java.lang.Object, java.lang.Object, java.lang.Object, int, int, int, int, int)'> (0x000000070db34e78) 
thrown [t:\workspace\open\src\hotspot\share\interpreter\linkResolver.cpp, line 790]
Event: 4.778 Thread 0x0000016f646bda60 Exception <a 'java/lang/NoSuchMethodError'{0x000000070db3c9e8}: 'java.lang.Object java.lang.invoke.Invokers$Holder.linkToTargetMethod(java.lang.Object, java.lang.Object, int, int, int, int, int, java.lang.Object)'> (0x000000070db3c9e8) 
thrown [t:\workspace\open\src\hotspot\share\interpreter\linkResolver.cpp, line 790]
Event: 37.946 Thread 0x0000016f64034fc0 Implicit null exception at 0x0000016f4f85eb4f to 0x0000016f4f861300
Event: 37.946 Thread 0x0000016f64034fc0 Implicit null exception at 0x0000016f4f908263 to 0x0000016f4f9146fc
Event: 40.199 Thread 0x0000016f646bda60 Implicit null exception at 0x0000016f4f7683d5 to 0x0000016f4f769404
Event: 40.199 Thread 0x0000016f646bda60 Implicit null exception at 0x0000016f4f7683d5 to 0x0000016f4f769404
Event: 40.199 Thread 0x0000016f646bda60 Implicit null exception at 0x0000016f4f7683d5 to 0x0000016f4f769404
Event: 40.199 Thread 0x0000016f646bda60 Implicit null exception at 0x0000016f4f7683d5 to 0x0000016f4f769404
Event: 42.126 Thread 0x0000016f646bda60 Implicit null exception at 0x0000016f4f8197a0 to 0x0000016f4f819c88
Event: 373.035 Thread 0x0000016f646bda60 Exception <a 'java/lang/NoSuchMethodError'{0x0000000710bb8bb0}: 'java.lang.Object java.lang.invoke.DirectMethodHandle$Holder.invokeInterface(java.lang.Object, java.lang.Object)'> (0x0000000710bb8bb0) 
thrown [t:\workspace\open\src\hotspot\share\interpreter\linkResolver.cpp, line 790]
Event: 373.037 Thread 0x0000016f646bda60 Exception <a 'java/lang/IncompatibleClassChangeError'{0x0000000710bbc850}: Found class java.lang.Object, but interface was expected> (0x0000000710bbc850) 
thrown [t:\workspace\open\src\hotspot\share\interpreter\linkResolver.cpp, line 857]
Event: 373.877 Thread 0x0000016f646bda60 Exception <a 'java/lang/ClassCastException'{0x0000000710804278}: class java.lang.Double cannot be cast to class javafx.scene.paint.Paint (java.lang.Double is in module java.base of loader 'bootstrap'; javafx.scene.paint.Paint is in module javafx.graphics of loader 'app')> (0x0000000710804278) 
thrown [t:\workspace\open\src\hotspot\share\interpreter\interpreterRuntime.cpp, line 441]
Event: 373.977 Thread 0x0000016f64034fc0 Implicit null exception at 0x0000016f4f877220 to 0x0000016f4f878cd4

Events (20 events):
Event: 379.919 Executing  VM operation: ChangeBreakpoints
Event: 379.919 Executing  VM operation: ChangeBreakpoints done
Event: 379.919 Executing  VM operation: ChangeBreakpoints
Event: 379.919 Executing  VM operation: ChangeBreakpoints done
Event: 379.919 Executing  VM operation: ChangeBreakpoints
Event: 379.919 Executing  VM operation: ChangeBreakpoints done
Event: 379.921 Thread 0x0000016f63f186e0 Thread exited: 0x0000016f63f186e0
Event: 379.950 loading class jdk/internal/misc/Signal$1
Event: 379.950 loading class jdk/internal/misc/Signal$1 done
Event: 379.950 Thread 0x0000016f64fb32d0 Thread added: 0x0000016f64fb32d0
Event: 379.951 Thread 0x0000016f64fae320 Thread added: 0x0000016f64fae320
Event: 379.951 Thread 0x0000016f64fae870 Thread added: 0x0000016f64fae870
Event: 379.951 Thread 0x0000016f64fae320 Thread exited: 0x0000016f64fae320
Event: 379.951 loading class com/sun/javafx/tk/quantum/QuantumRenderer
Event: 379.951 loading class com/sun/javafx/tk/quantum/QuantumRenderer done
Event: 379.952 loading class com/sun/javafx/tk/quantum/QuantumToolkit
Event: 379.952 loading class com/sun/javafx/tk/quantum/QuantumToolkit done
Event: 379.952 Thread 0x0000016f64fae870 Thread exited: 0x0000016f64fae870
Event: 379.952 Thread 0x0000016f62c4d290 Thread exited: 0x0000016f62c4d290
Event: 379.952 Executing  VM operation: Exit


Dynamic libraries:
0x00007ff7b5500000 - 0x00007ff7b550e000 	C:\Users\DuXa\.jdks\openjdk-16.0.1\bin\java.exe
0x00007ffe40330000 - 0x00007ffe40528000 	C:\WINDOWS\SYSTEM32\ntdll.dll
0x00007ffe3e420000 - 0x00007ffe3e4df000 	C:\WINDOWS\System32\KERNEL32.DLL
0x00007ffe3dde0000 - 0x00007ffe3e0b2000 	C:\WINDOWS\System32\KERNELBASE.dll
0x00007ffe3e0c0000 - 0x00007ffe3e1c0000 	C:\WINDOWS\System32\ucrtbase.dll
0x00007ffde3780000 - 0x00007ffde3799000 	C:\Users\DuXa\.jdks\openjdk-16.0.1\bin\VCRUNTIME140.dll
0x00007ffdf24c0000 - 0x00007ffdf24d8000 	C:\Users\DuXa\.jdks\openjdk-16.0.1\bin\jli.dll
0x00007ffe3eb00000 - 0x00007ffe3eca1000 	C:\WINDOWS\System32\USER32.dll
0x00007ffe3da70000 - 0x00007ffe3da92000 	C:\WINDOWS\System32\win32u.dll
0x00007ffe205c0000 - 0x00007ffe2085a000 	C:\WINDOWS\WinSxS\amd64_microsoft.windows.common-controls_6595b64144ccf1df_6.0.19041.1110_none_60b5254171f9507e\COMCTL32.dll
0x00007ffe3fc00000 - 0x00007ffe3fc2b000 	C:\WINDOWS\System32\GDI32.dll
0x00007ffe3fa20000 - 0x00007ffe3fabe000 	C:\WINDOWS\System32\msvcrt.dll
0x00007ffe3e260000 - 0x00007ffe3e36f000 	C:\WINDOWS\System32\gdi32full.dll
0x00007ffe3e1c0000 - 0x00007ffe3e25d000 	C:\WINDOWS\System32\msvcp_win.dll
0x00007ffe3ecb0000 - 0x00007ffe3ece2000 	C:\WINDOWS\System32\IMM32.DLL
0x00007ffdf3840000 - 0x00007ffdf384c000 	C:\Users\DuXa\.jdks\openjdk-16.0.1\bin\vcruntime140_1.dll
0x00007ffdc76a0000 - 0x00007ffdc7731000 	C:\Users\DuXa\.jdks\openjdk-16.0.1\bin\msvcp140.dll
0x00007ffda9620000 - 0x00007ffdaa1cb000 	C:\Users\DuXa\.jdks\openjdk-16.0.1\bin\server\jvm.dll
0x00007ffe3f050000 - 0x00007ffe3f0fe000 	C:\WINDOWS\System32\ADVAPI32.dll
0x00007ffe3ff10000 - 0x00007ffe3ffac000 	C:\WINDOWS\System32\sechost.dll
0x00007ffe3fd60000 - 0x00007ffe3fe85000 	C:\WINDOWS\System32\RPCRT4.dll
0x00007ffe3f100000 - 0x00007ffe3f108000 	C:\WINDOWS\System32\PSAPI.DLL
0x00007ffe315e0000 - 0x00007ffe31607000 	C:\WINDOWS\SYSTEM32\WINMM.dll
0x00007ffe12c70000 - 0x00007ffe12c79000 	C:\WINDOWS\SYSTEM32\WSOCK32.dll
0x00007ffe38630000 - 0x00007ffe3863a000 	C:\WINDOWS\SYSTEM32\VERSION.dll
0x00007ffe40130000 - 0x00007ffe4019b000 	C:\WINDOWS\System32\WS2_32.dll
0x00007ffe3b7e0000 - 0x00007ffe3b7f2000 	C:\WINDOWS\SYSTEM32\kernel.appcore.dll
0x00007ffdf3650000 - 0x00007ffdf365a000 	C:\Users\DuXa\.jdks\openjdk-16.0.1\bin\jimage.dll
0x00007ffe37c30000 - 0x00007ffe37e14000 	C:\WINDOWS\SYSTEM32\DBGHELP.DLL
0x00007ffe379f0000 - 0x00007ffe37a25000 	C:\WINDOWS\SYSTEM32\dbgcore.DLL
0x00007ffe3dbc0000 - 0x00007ffe3dc42000 	C:\WINDOWS\System32\bcryptPrimitives.dll
0x00007ffe0a110000 - 0x00007ffe0a14b000 	C:\Users\DuXa\.jdks\openjdk-16.0.1\bin\jdwp.dll
0x00007ffe38dd0000 - 0x00007ffe38dde000 	C:\Users\DuXa\.jdks\openjdk-16.0.1\bin\instrument.dll
0x00007ffde3170000 - 0x00007ffde3195000 	C:\Users\DuXa\.jdks\openjdk-16.0.1\bin\java.dll
0x00007ffdc7d90000 - 0x00007ffdc7da8000 	C:\Users\DuXa\.jdks\openjdk-16.0.1\bin\zip.dll
0x00007ffe3f1a0000 - 0x00007ffe3f8e4000 	C:\WINDOWS\System32\SHELL32.dll
0x00007ffe3bac0000 - 0x00007ffe3c252000 	C:\WINDOWS\SYSTEM32\windows.storage.dll
0x00007ffe3ecf0000 - 0x00007ffe3f045000 	C:\WINDOWS\System32\combase.dll
0x00007ffe3d3a0000 - 0x00007ffe3d3d0000 	C:\WINDOWS\SYSTEM32\Wldp.dll
0x00007ffe3e370000 - 0x00007ffe3e41d000 	C:\WINDOWS\System32\SHCORE.dll
0x00007ffe401b0000 - 0x00007ffe40205000 	C:\WINDOWS\System32\shlwapi.dll
0x00007ffe3d960000 - 0x00007ffe3d97f000 	C:\WINDOWS\SYSTEM32\profapi.dll
0x00007ffde3150000 - 0x00007ffde3169000 	C:\Users\DuXa\.jdks\openjdk-16.0.1\bin\net.dll
0x00007ffe36d30000 - 0x00007ffe36e3c000 	C:\WINDOWS\SYSTEM32\WINHTTP.dll
0x00007ffe3d130000 - 0x00007ffe3d19a000 	C:\WINDOWS\system32\mswsock.dll
0x00007ffde3130000 - 0x00007ffde3143000 	C:\Users\DuXa\.jdks\openjdk-16.0.1\bin\nio.dll
0x00007ffe38ac0000 - 0x00007ffe38acc000 	C:\Users\DuXa\.jdks\openjdk-16.0.1\bin\dt_socket.dll
0x00007ffe3cdb0000 - 0x00007ffe3cdeb000 	C:\WINDOWS\SYSTEM32\IPHLPAPI.DLL
0x0000016f3e3f0000 - 0x0000016f3e3f3000 	C:\Users\DuXa\.openjfx\cache\17.0.2-ea\api-ms-win-core-console-l1-1-0.dll
0x0000016f3e400000 - 0x0000016f3e403000 	C:\Users\DuXa\.openjfx\cache\17.0.2-ea\api-ms-win-core-console-l1-2-0.dll
0x0000016f3e410000 - 0x0000016f3e413000 	C:\Users\DuXa\.openjfx\cache\17.0.2-ea\api-ms-win-core-datetime-l1-1-0.dll
0x0000016f3e420000 - 0x0000016f3e423000 	C:\Users\DuXa\.openjfx\cache\17.0.2-ea\api-ms-win-core-debug-l1-1-0.dll
0x0000016f3e430000 - 0x0000016f3e433000 	C:\Users\DuXa\.openjfx\cache\17.0.2-ea\api-ms-win-core-errorhandling-l1-1-0.dll
0x0000016f403c0000 - 0x0000016f403c4000 	C:\Users\DuXa\.openjfx\cache\17.0.2-ea\api-ms-win-core-file-l1-1-0.dll
0x0000016f403d0000 - 0x0000016f403d3000 	C:\Users\DuXa\.openjfx\cache\17.0.2-ea\api-ms-win-core-file-l1-2-0.dll
0x0000016f403e0000 - 0x0000016f403e3000 	C:\Users\DuXa\.openjfx\cache\17.0.2-ea\api-ms-win-core-file-l2-1-0.dll
0x0000016f62da0000 - 0x0000016f62da3000 	C:\Users\DuXa\.openjfx\cache\17.0.2-ea\api-ms-win-core-handle-l1-1-0.dll
0x0000016f62db0000 - 0x0000016f62db3000 	C:\Users\DuXa\.openjfx\cache\17.0.2-ea\api-ms-win-core-heap-l1-1-0.dll
0x0000016f62dc0000 - 0x0000016f62dc3000 	C:\Users\DuXa\.openjfx\cache\17.0.2-ea\api-ms-win-core-interlocked-l1-1-0.dll
0x0000016f62dd0000 - 0x0000016f62dd3000 	C:\Users\DuXa\.openjfx\cache\17.0.2-ea\api-ms-win-core-libraryloader-l1-1-0.dll
0x0000016f62de0000 - 0x0000016f62de3000 	C:\Users\DuXa\.openjfx\cache\17.0.2-ea\api-ms-win-core-localization-l1-2-0.dll
0x0000016f62df0000 - 0x0000016f62df3000 	C:\Users\DuXa\.openjfx\cache\17.0.2-ea\api-ms-win-core-memory-l1-1-0.dll
0x0000016f62e00000 - 0x0000016f62e03000 	C:\Users\DuXa\.openjfx\cache\17.0.2-ea\api-ms-win-core-namedpipe-l1-1-0.dll
0x0000016f62e10000 - 0x0000016f62e13000 	C:\Users\DuXa\.openjfx\cache\17.0.2-ea\api-ms-win-core-processenvironment-l1-1-0.dll
0x0000016f62e20000 - 0x0000016f62e23000 	C:\Users\DuXa\.openjfx\cache\17.0.2-ea\api-ms-win-core-processthreads-l1-1-0.dll
0x0000016f62e30000 - 0x0000016f62e33000 	C:\Users\DuXa\.openjfx\cache\17.0.2-ea\api-ms-win-core-processthreads-l1-1-1.dll
0x0000016f62e40000 - 0x0000016f62e43000 	C:\Users\DuXa\.openjfx\cache\17.0.2-ea\api-ms-win-core-profile-l1-1-0.dll
0x0000016f62e50000 - 0x0000016f62e53000 	C:\Users\DuXa\.openjfx\cache\17.0.2-ea\api-ms-win-core-rtlsupport-l1-1-0.dll
0x0000016f62e60000 - 0x0000016f62e63000 	C:\Users\DuXa\.openjfx\cache\17.0.2-ea\api-ms-win-core-string-l1-1-0.dll
0x0000016f62e70000 - 0x0000016f62e73000 	C:\Users\DuXa\.openjfx\cache\17.0.2-ea\api-ms-win-core-synch-l1-1-0.dll
0x0000016f62e80000 - 0x0000016f62e83000 	C:\Users\DuXa\.openjfx\cache\17.0.2-ea\api-ms-win-core-synch-l1-2-0.dll
0x0000016f62e90000 - 0x0000016f62e93000 	C:\Users\DuXa\.openjfx\cache\17.0.2-ea\api-ms-win-core-sysinfo-l1-1-0.dll
0x0000016f62ea0000 - 0x0000016f62ea3000 	C:\Users\DuXa\.openjfx\cache\17.0.2-ea\api-ms-win-core-timezone-l1-1-0.dll
0x0000016f62eb0000 - 0x0000016f62eb3000 	C:\Users\DuXa\.openjfx\cache\17.0.2-ea\api-ms-win-core-util-l1-1-0.dll
0x0000016f62ec0000 - 0x0000016f62ec3000 	C:\Users\DuXa\.openjfx\cache\17.0.2-ea\api-ms-win-crt-conio-l1-1-0.dll
0x0000016f62ed0000 - 0x0000016f62ed4000 	C:\Users\DuXa\.openjfx\cache\17.0.2-ea\api-ms-win-crt-convert-l1-1-0.dll
0x0000016f62ee0000 - 0x0000016f62ee3000 	C:\Users\DuXa\.openjfx\cache\17.0.2-ea\api-ms-win-crt-environment-l1-1-0.dll
0x0000016f62ef0000 - 0x0000016f62ef3000 	C:\Users\DuXa\.openjfx\cache\17.0.2-ea\api-ms-win-crt-filesystem-l1-1-0.dll
0x0000016f62f00000 - 0x0000016f62f03000 	C:\Users\DuXa\.openjfx\cache\17.0.2-ea\api-ms-win-crt-heap-l1-1-0.dll
0x0000016f62f10000 - 0x0000016f62f13000 	C:\Users\DuXa\.openjfx\cache\17.0.2-ea\api-ms-win-crt-locale-l1-1-0.dll
0x0000016f62f20000 - 0x0000016f62f25000 	C:\Users\DuXa\.openjfx\cache\17.0.2-ea\api-ms-win-crt-math-l1-1-0.dll
0x0000016f62f30000 - 0x0000016f62f35000 	C:\Users\DuXa\.openjfx\cache\17.0.2-ea\api-ms-win-crt-multibyte-l1-1-0.dll
0x0000016f62f40000 - 0x0000016f62f50000 	C:\Users\DuXa\.openjfx\cache\17.0.2-ea\api-ms-win-crt-private-l1-1-0.dll
0x0000016f62f50000 - 0x0000016f62f53000 	C:\Users\DuXa\.openjfx\cache\17.0.2-ea\api-ms-win-crt-process-l1-1-0.dll
0x0000016f62f60000 - 0x0000016f62f64000 	C:\Users\DuXa\.openjfx\cache\17.0.2-ea\api-ms-win-crt-runtime-l1-1-0.dll
0x0000016f62f70000 - 0x0000016f62f74000 	C:\Users\DuXa\.openjfx\cache\17.0.2-ea\api-ms-win-crt-stdio-l1-1-0.dll
0x0000016f62f80000 - 0x0000016f62f84000 	C:\Users\DuXa\.openjfx\cache\17.0.2-ea\api-ms-win-crt-string-l1-1-0.dll
0x0000016f62f90000 - 0x0000016f62f93000 	C:\Users\DuXa\.openjfx\cache\17.0.2-ea\api-ms-win-crt-time-l1-1-0.dll
0x0000016f62fa0000 - 0x0000016f62fa3000 	C:\Users\DuXa\.openjfx\cache\17.0.2-ea\api-ms-win-crt-utility-l1-1-0.dll
0x00007ffded400000 - 0x00007ffded4fc000 	C:\Users\DuXa\.openjfx\cache\17.0.2-ea\ucrtbase.dll
0x00007ffe18f10000 - 0x00007ffe18f2a000 	C:\Users\DuXa\.openjfx\cache\17.0.2-ea\vcruntime140.dll
0x00007ffe112e0000 - 0x00007ffe112ec000 	C:\Users\DuXa\.openjfx\cache\17.0.2-ea\vcruntime140_1.dll
0x00007ffde3f50000 - 0x00007ffde3fdd000 	C:\Users\DuXa\.openjfx\cache\17.0.2-ea\msvcp140.dll
0x00007ffdf35e0000 - 0x00007ffdf360a000 	C:\Users\DuXa\.openjfx\cache\17.0.2-ea\prism_d3d.dll
0x00007ffe37110000 - 0x00007ffe372de000 	C:\WINDOWS\system32\d3d9.dll
0x00007ffe3b7b0000 - 0x00007ffe3b7df000 	C:\WINDOWS\SYSTEM32\dwmapi.dll
0x00007ffe3b3f0000 - 0x00007ffe3b48e000 	C:\WINDOWS\system32\uxtheme.dll
0x00007ffe10b10000 - 0x00007ffe10c27000 	C:\WINDOWS\System32\DriverStore\FileRepository\nv_dispig.inf_amd64_ee20464bb4ac57f4\nvldumdx.dll
0x00007ffe3d610000 - 0x00007ffe3d622000 	C:\WINDOWS\SYSTEM32\msasn1.dll
0x00007ffe385d0000 - 0x00007ffe38601000 	C:\WINDOWS\SYSTEM32\cryptnet.dll
0x00007ffe3dc80000 - 0x00007ffe3ddd6000 	C:\WINDOWS\System32\CRYPT32.dll
0x00007ffe38200000 - 0x00007ffe38348000 	C:\WINDOWS\SYSTEM32\drvstore.dll
0x00007ffe3d7d0000 - 0x00007ffe3d7fc000 	C:\WINDOWS\SYSTEM32\devobj.dll
0x00007ffe3da20000 - 0x00007ffe3da6e000 	C:\WINDOWS\System32\cfgmgr32.dll
0x00007ffe3d310000 - 0x00007ffe3d31c000 	C:\WINDOWS\SYSTEM32\cryptbase.dll
0x00007ffe3daa0000 - 0x00007ffe3db09000 	C:\WINDOWS\System32\WINTRUST.DLL
0x00007ffe3fa00000 - 0x00007ffe3fa1d000 	C:\WINDOWS\System32\imagehlp.dll
0x00007ffe3d3e0000 - 0x00007ffe3d3f8000 	C:\WINDOWS\SYSTEM32\CRYPTSP.dll
0x00007ffe3c9e0000 - 0x00007ffe3ca14000 	C:\WINDOWS\system32\rsaenh.dll
0x00007ffe3dc50000 - 0x00007ffe3dc77000 	C:\WINDOWS\System32\bcrypt.dll
0x00007ffd63510000 - 0x00007ffd64d1a000 	C:\WINDOWS\System32\DriverStore\FileRepository\nv_dispig.inf_amd64_ee20464bb4ac57f4\nvd3dumx.dll
0x00007ffde6030000 - 0x00007ffde6072000 	C:\Users\DuXa\.openjfx\cache\17.0.2-ea\glass.dll
0x00007ffe40210000 - 0x00007ffe402ea000 	C:\WINDOWS\System32\COMDLG32.dll
0x00007ffe3fc30000 - 0x00007ffe3fd5a000 	C:\WINDOWS\System32\ole32.dll
0x00007ffe3fb30000 - 0x00007ffe3fbfd000 	C:\WINDOWS\System32\OLEAUT32.dll
0x00007ffe40010000 - 0x00007ffe40125000 	C:\WINDOWS\System32\MSCTF.dll
0x00007ffdcf500000 - 0x00007ffdcf7c7000 	C:\WINDOWS\system32\nvspcap64.dll
0x00007ffe3ca70000 - 0x00007ffe3caa3000 	C:\WINDOWS\SYSTEM32\ntmarta.dll
0x00007ffe3c270000 - 0x00007ffe3c293000 	C:\WINDOWS\SYSTEM32\gpapi.dll
0x00007ffe10130000 - 0x00007ffe1016b000 	C:\WINDOWS\SYSTEM32\dxcore.dll
0x00007ffe0a3c0000 - 0x00007ffe0a3d4000 	C:\Users\DuXa\.openjfx\cache\17.0.2-ea\javafx_font.dll
0x00007ffe15f60000 - 0x00007ffe161df000 	C:\WINDOWS\SYSTEM32\dwrite.dll
0x00007ffe3f950000 - 0x00007ffe3f9ff000 	C:\WINDOWS\System32\clbcatq.dll
0x00007ffe123e0000 - 0x00007ffe12594000 	C:\WINDOWS\SYSTEM32\WindowsCodecs.dll
0x00007ffe19110000 - 0x00007ffe1914e000 	C:\WINDOWS\system32\dataexchange.dll
0x00007ffe39910000 - 0x00007ffe39b73000 	C:\WINDOWS\system32\d3d11.dll
0x00007ffe3a700000 - 0x00007ffe3a8e3000 	C:\WINDOWS\system32\dcomp.dll
0x00007ffe3c2a0000 - 0x00007ffe3c393000 	C:\WINDOWS\system32\dxgi.dll

dbghelp: loaded successfully - version: 4.0.5 - missing functions: none
symbol engine: initialized successfully - sym options: 0x614 - pdb path: .;C:\Users\DuXa\.jdks\openjdk-16.0.1\bin;C:\WINDOWS\SYSTEM32;C:\WINDOWS\WinSxS\amd64_microsoft.windows.common-controls_6595b64144ccf1df_6.0.19041.1110_none_60b5254171f9507e;C:\Users\DuXa\.jdks\openjdk-16.0.1\bin\server;C:\Users\DuXa\.openjfx\cache\17.0.2-ea;C:\WINDOWS\System32\DriverStore\FileRepository\nv_dispig.inf_amd64_ee20464bb4ac57f4;C:\Program Files\Common Files\Microsoft Shared\Ink

VM Arguments:
jvm_args: -agentlib:jdwp=transport=dt_socket,address=127.0.0.1:60105,suspend=y,server=n -javaagent:C:\Users\DuXa\AppData\Local\JetBrains\IntelliJIdea2022.3\captureAgent\debugger-agent.jar -Dfile.encoding=UTF-8 --module-path=C:\Users\DuXa\.m2\repository\org\openjfx\javafx-fxml\17.0.2\javafx-fxml-17.0.2-win.jar;C:\Users\DuXa\.m2\repository\org\openjfx\javafx-base\17.0.2\javafx-base-17.0.2-win.jar;C:\Users\DuXa\.m2\repository\org\controlsfx\controlsfx\11.1.1\controlsfx-11.1.1.jar;C:\Users\DuXa\.m2\repository\org\openjfx\javafx-graphics\17.0.2\javafx-graphics-17.0.2-win.jar;C:\Users\DuXa\.m2\repository\org\kordamp\bootstrapfx\bootstrapfx-core\0.4.0\bootstrapfx-core-0.4.0.jar;C:\Users\DuXa\Desktop\stair\target\classes;C:\Users\DuXa\.m2\repository\org\openjfx\javafx-controls\17.0.2\javafx-controls-17.0.2-win.jar -Djdk.module.main=com.example.stair 
java_command: com.example.stair/com.example.stair.StairApp
java_class_path (initial): C:\Users\DuXa\.m2\repository\org\openjfx\javafx-controls\17.0.2\javafx-controls-17.0.2.jar;C:\Users\DuXa\.m2\repository\org\openjfx\javafx-graphics\17.0.2\javafx-graphics-17.0.2.jar;C:\Users\DuXa\.m2\repository\org\openjfx\javafx-base\17.0.2\javafx-base-17.0.2.jar;C:\Users\DuXa\.m2\repository\org\openjfx\javafx-fxml\17.0.2\javafx-fxml-17.0.2.jar;C:\Program Files\JetBrains\IntelliJ IDEA 2022.3.1\lib\idea_rt.jar
Launcher Type: SUN_STANDARD

[Global flags]
     intx CICompilerCount                          = 3                                         {product} {ergonomic}
     uint ConcGCThreads                            = 2                                         {product} {ergonomic}
     uint G1ConcRefinementThreads                  = 6                                         {product} {ergonomic}
   size_t G1HeapRegionSize                         = 2097152                                   {product} {ergonomic}
    uintx GCDrainStackTargetSize                   = 64                                        {product} {ergonomic}
   size_t InitialHeapSize                          = 268435456                                 {product} {ergonomic}
   size_t MarkStackSize                            = 4194304                                   {product} {ergonomic}
   size_t MaxHeapSize                              = 4282384384                                {product} {ergonomic}
   size_t MaxNewSize                               = 2569011200                                {product} {ergonomic}
   size_t MinHeapDeltaBytes                        = 2097152                                   {product} {ergonomic}
   size_t MinHeapSize                              = 8388608                                   {product} {ergonomic}
    uintx NonNMethodCodeHeapSize                   = 5832780                                {pd product} {ergonomic}
    uintx NonProfiledCodeHeapSize                  = 122912730                              {pd product} {ergonomic}
    uintx ProfiledCodeHeapSize                     = 122912730                              {pd product} {ergonomic}
    uintx ReservedCodeCacheSize                    = 251658240                              {pd product} {ergonomic}
     bool SegmentedCodeCache                       = true                                      {product} {ergonomic}
   size_t SoftMaxHeapSize                          = 4282384384                             {manageable} {ergonomic}
     bool UseCompressedClassPointers               = true                           {product lp64_product} {ergonomic}
     bool UseCompressedOops                        = true                           {product lp64_product} {ergonomic}
     bool UseG1GC                                  = true                                      {product} {ergonomic}
     bool UseLargePagesIndividualAllocation        = false                                  {pd product} {ergonomic}

Logging:
Log output configuration:
 #0: stdout all=off uptime,level,tags
 #1: stderr all=off uptime,level,tags

Environment Variables:
PATH=C:\Program Files (x86)\NVIDIA Corporation\PhysX\Common;C:\Program Files\Common Files\Oracle\Java\javapath;C:\Program Files (x86)\Common Files\Oracle\Java\javapath;C:\WINDOWS\system32;C:\WINDOWS;C:\WINDOWS\System32\Wbem;C:\WINDOWS\System32\WindowsPowerShell\v1.0\;C:\WINDOWS\System32\OpenSSH\;C:\Program Files\NVIDIA Corporation\NVIDIA NvDLISR;C:\Program Files\Microsoft SQL Server\Client SDK\ODBC\110\Tools\Binn\;C:\Program Files (x86)\Microsoft SQL Server\120\Tools\Binn\;C:\Program Files\Microsoft SQL Server\120\Tools\Binn\;C:\Program Files\Microsoft SQL Server\120\DTS\Binn\;C:\Program Files (x86)\Windows Kits\8.1\Windows Performance Toolkit\;C:\chrromedriver.;C:\Program Files (x86)\Microsoft SQL Server\150\DTS\Binn\;C:\Program Files\Azure Data Studio\bin;C:\Program Files\Docker\Docker\resources\bin;C:\ProgramData\DockerDesktop\version-bin;C:\Program Files\Microsoft SQL Server\Client SDK\ODBC\170\Tools\Binn\;C:\Program Files (x86)\Microsoft SQL Server\150\Tools\Binn\;C:\Program Files\Microsoft SQL Server\150\Tools\Binn\;C:\Program Files\Microsoft SQL Server\150\DTS\Binn\;C:\apache-maven-3.8.6;C:\Program Files\Git\cmd;C:\Users\DuXa\AppData\Local\Microsoft\WindowsApps;C:\Program Files\Azure Data Studio\bin;
USERNAME=DuXa
OS=Windows_NT
PROCESSOR_IDENTIFIER=Intel64 Family 6 Model 158 Stepping 10, GenuineIntel



---------------  S Y S T E M  ---------------

OS:
 Windows 10 , 64 bit Build 19041 (10.0.19041.2364)
OS uptime: 3 days 20:29 hours
Hyper-V role detected

CPU: total 6 (initial active 6) (6 cores per cpu, 1 threads per core) family 6 model 158 stepping 10 microcode 0xb4, cx8, cmov, fxsr, mmx, 3dnowpref, sse, sse2, sse3, ssse3, sse4.1, sse4.2, popcnt, lzcnt, tsc, tscinvbit, avx, avx2, aes, erms, clmul, bmi1, bmi2, adx, fma, vzeroupper, clflush, clflushopt, hv

Memory: 4k page, system-wide physical 16332M (6712M free)
TotalPageFile size 22827M (AvailPageFile size 2755M)
current process WorkingSet (physical memory assigned to process): 200M, peak: 225M
current process commit charge ("private bytes"): 447M, peak: 466M

vm_info: OpenJDK 64-Bit Server VM (16.0.1+9-24) for windows-amd64 JRE (16.0.1+9-24), built on Mar 26 2021 19:30:07 by "mach5one" with MS VC++ 16.7 (VS2019)

END.
